<?xml version="1.0" encoding="UTF-8"?>
<!-- Generated by org.testng.reporters.JUnitReportReporter -->
<testsuite hostname="user-PC" failures="0" tests="1" name="driverFactory.AppTest" time="56.393" errors="0" timestamp="2022-11-11T17:23:09 IST" skipped="0">
  <testcase classname="driverFactory.AppTest" name="kickStart" time="56.393"/>
  <system-out/>
</testsuite> <!-- driverFactory.AppTest -->
